运行设备： cuda
数据路径： datasets/lift/ph/low_dim_v15.hdf5
模型路径： best_bc_model.pth

模型加载成功
最佳 Epoch： 376
保存时验证损失： 0.025762778026136485
checkpoint 中没有标准化参数，使用原始 observation

验证轨迹数量： 40
验证 observations shape： (1925, 19)
验证 actions shape： (1925, 7)

======================================================================
样本 1，数据索引：165

预测动作：
[ 0.01443368  0.00647142 -0.41126853  0.01845755 -0.05184925  0.08772931
 -1.0152854 ]

专家动作：
[-0.084      -0.005      -0.434       0.06700185 -0.04432805  0.0227159
 -1.        ]

预测误差：
[ 0.09843367  0.01147142  0.02273145 -0.0485443  -0.00752119  0.0650134
 -0.01528537]

该样本 MSE：0.00245871

======================================================================
样本 2，数据索引：1483

预测动作：
[ 0.031748    0.0504012   0.21481666  0.00585313 -0.04041462  0.00439524
  1.0555267 ]

专家动作：
[ 0.097       0.237       0.176       0.01031946 -0.0577569   0.06255824
  1.        ]

预测误差：
[-0.065252   -0.18659881  0.03881666 -0.00446633  0.01734228 -0.058163
  0.05552673]

该样本 MSE：0.00676722

======================================================================
样本 3，数据索引：171

预测动作：
[-0.0663073   0.01661395 -0.34446138  0.01837999 -0.05719955  0.03622188
 -0.8399565 ]

专家动作：
[-0.2        -0.017      -0.274       0.04161216 -0.03220149  0.00832684
 -1.        ]

预测误差：
[ 0.13369271  0.03361395 -0.07046139 -0.02323217 -0.02499805  0.02789505
  0.16004348]

该样本 MSE：0.00736073

======================================================================
样本 4，数据索引：1255

预测动作：
[ 0.62974524 -0.02186862 -0.55756706 -0.01374627  0.04051209  0.0071685
 -1.0082109 ]

专家动作：
[ 0.734      -0.114      -0.539      -0.02167276  0.05032587 -0.06047067
 -1.        ]

预测误差：
[-0.10425478  0.09213138 -0.01856709  0.00792649 -0.00981378  0.06763917
 -0.0082109 ]

该样本 MSE：0.00350051

======================================================================
样本 5，数据索引：842

预测动作：
[0.06005669 0.12911963 0.9952091  0.01258575 0.08873383 0.0027156
 1.0084112 ]

专家动作：
[0.297      0.109      1.         0.02998992 0.08122591 0.01873283
 1.        ]

预测误差：
[-0.2369433   0.02011964 -0.0047909  -0.01740417  0.00750792 -0.01601722
  0.00841117]

该样本 MSE：0.00817949

======================================================================
样本 6，数据索引：831

预测动作：
[-0.0619702  -0.05457211 -0.2166332   0.01082033 -0.04500087 -0.01202504
 -0.15853655]

专家动作：
[-0.12       -0.114      -0.314       0.00853124 -0.03989849  0.01001763
 -1.        ]

预测误差：
[ 0.0580298   0.05942789  0.09736681  0.00228909 -0.00510238 -0.02204267
  0.84146345]

该样本 MSE：0.10356534

======================================================================
样本 7，数据索引：1341

预测动作：
[-0.04009222 -0.0686243  -0.1869626   0.01349728 -0.03302141 -0.0038927
  0.681773  ]

专家动作：
[ 0.079      -0.141      -0.079      -0.03093067 -0.04513786 -0.00477782
  1.        ]

预测误差：
[-0.11909223  0.0723757  -0.1079626   0.04442795  0.01211645  0.00088511
 -0.318227  ]

该样本 MSE：0.01920957

======================================================================
样本 8，数据索引：181

预测动作：
[ 0.01338327  0.10073735  0.5292456  -0.00804435  0.00334922 -0.01622641
  0.9941935 ]

专家动作：
[ 0.026       0.033       0.441       0.00713263 -0.0153627  -0.01420302
  1.        ]

预测误差：
[-0.01261673  0.06773735  0.0882456  -0.01517698  0.01871192 -0.00202339
 -0.00580651]

该样本 MSE：0.00187901

======================================================================
样本 9，数据索引：387

预测动作：
[0.06940968 0.1215497  1.1161847  0.01907125 0.12345887 0.00174519
 1.0721653 ]

专家动作：
[0.023      0.198      1.         0.03706247 0.14455217 0.03231385
 1.        ]

预测误差：
[ 0.04640967 -0.0764503   0.11618471 -0.01799122 -0.0210933  -0.03056866
  0.07216525]

该样本 MSE：0.00405832

======================================================================
样本 10，数据索引：1649

预测动作：
[ 0.48033994 -0.02365816 -0.41903573 -0.00675732  0.04769062 -0.06261057
 -0.99969226]

专家动作：
[ 0.664       0.114      -0.308       0.02633144  0.03251761 -0.12914115
 -1.        ]

预测误差：
[-0.18366003 -0.13765815 -0.11103573 -0.03308876  0.01517301  0.06653059
  0.00030774]

该样本 MSE：0.01010874

======================================================================
整个验证集评估结果

Overall MSE：0.02576278

每个动作维度的 MSE：
position_x     : 0.01707824
position_y     : 0.01262379
position_z     : 0.03800235
rotation_x     : 0.00036399
rotation_y     : 0.00103283
rotation_z     : 0.00363835
gripper        : 0.10759988
