observations shape: (9666, 19)
actions shape: (9666, 7)
轨迹数量: 200
前 10 条轨迹长度: [59, 58, 57, 55, 51, 58, 49, 49, 44, 51]
最短轨迹长度: 36
最长轨迹长度: 64
平均轨迹长度: 48.33
总时间步: 9666
训练轨迹数量： 160
验证轨迹数量： 40

训练集：
train observations shape: (7741, 19)
train actions shape: (7741, 7)

验证集：
val observations shape: (1925, 19)
val actions shape: (1925, 7)

前 10 条训练轨迹：
['demo_152', 'demo_26', 'demo_115', 'demo_46', 'demo_38', 'demo_7', 'demo_79', 'demo_171', 'demo_148', 'demo_56']

前 10 条验证轨迹：
['demo_57', 'demo_162', 'demo_23', 'demo_169', 'demo_15', 'demo_60', 'demo_109', 'demo_137', 'demo_31', 'demo_16']

重复轨迹： set()
训练 Dataset 长度： 7741
验证 Dataset 长度： 1925

一个训练 batch：
batch observations shape: torch.Size([1024, 19])
batch actions shape: torch.Size([1024, 7])

数据类型：
observations dtype: torch.float32
actions dtype: torch.float32

第一个 batch 中的第一个 observation：
tensor([ 0.0161, -0.0121,  0.8217,  0.0000,  0.0000,  0.1305, -0.9915,  0.0799,
         0.0074, -0.1247, -0.0638, -0.0195,  0.9464,  0.9994, -0.0070,  0.0323,
         0.0066,  0.0385, -0.0385])

对应 action：
tensor([ 0.4930, -0.0510, -0.3420, -0.0318,  0.0177, -0.0196, -1.0000])
MLP(
  (net): Sequential(
    (0): Linear(in_features=19, out_features=128, bias=True)
    (1): ReLU()
    (2): Linear(in_features=128, out_features=256, bias=True)
    (3): ReLU()
    (4): Linear(in_features=256, out_features=128, bias=True)
    (5): ReLU()
    (6): Linear(in_features=128, out_features=128, bias=True)
    (7): ReLU()
    (8): Linear(in_features=128, out_features=7, bias=True)
  )
)
输入 shape： torch.Size([1024, 19])
预测动作 shape： torch.Size([1024, 7])
真实动作 shape： torch.Size([1024, 7])
Epoch [001/500] | Train Loss: 0.187166 | Val Loss: 0.177739 <-- 保存最佳模型
Epoch [002/500] | Train Loss: 0.170631 | Val Loss: 0.169512 <-- 保存最佳模型
Epoch [003/500] | Train Loss: 0.166334 | Val Loss: 0.167141 <-- 保存最佳模型
Epoch [004/500] | Train Loss: 0.164304 | Val Loss: 0.165431 <-- 保存最佳模型
Epoch [005/500] | Train Loss: 0.162173 | Val Loss: 0.162854 <-- 保存最佳模型
Epoch [006/500] | Train Loss: 0.159097 | Val Loss: 0.158751 <-- 保存最佳模型
Epoch [007/500] | Train Loss: 0.153592 | Val Loss: 0.151359 <-- 保存最佳模型
Epoch [008/500] | Train Loss: 0.143721 | Val Loss: 0.137324 <-- 保存最佳模型
Epoch [009/500] | Train Loss: 0.127353 | Val Loss: 0.118229 <-- 保存最佳模型
Epoch [010/500] | Train Loss: 0.110120 | Val Loss: 0.106735 <-- 保存最佳模型
Epoch [011/500] | Train Loss: 0.101826 | Val Loss: 0.098088 <-- 保存最佳模型
Epoch [012/500] | Train Loss: 0.094020 | Val Loss: 0.090959 <-- 保存最佳模型
Epoch [013/500] | Train Loss: 0.086574 | Val Loss: 0.083601 <-- 保存最佳模型
Epoch [014/500] | Train Loss: 0.079445 | Val Loss: 0.075692 <-- 保存最佳模型
Epoch [015/500] | Train Loss: 0.071616 | Val Loss: 0.069339 <-- 保存最佳模型
Epoch [016/500] | Train Loss: 0.065179 | Val Loss: 0.063161 <-- 保存最佳模型
Epoch [017/500] | Train Loss: 0.059687 | Val Loss: 0.059086 <-- 保存最佳模型
Epoch [018/500] | Train Loss: 0.055582 | Val Loss: 0.056678 <-- 保存最佳模型
Epoch [019/500] | Train Loss: 0.052894 | Val Loss: 0.054599 <-- 保存最佳模型
Epoch [020/500] | Train Loss: 0.050858 | Val Loss: 0.053116 <-- 保存最佳模型
Epoch [021/500] | Train Loss: 0.049583 | Val Loss: 0.052480 <-- 保存最佳模型
Epoch [022/500] | Train Loss: 0.048099 | Val Loss: 0.051495 <-- 保存最佳模型
Epoch [023/500] | Train Loss: 0.046968 | Val Loss: 0.049119 <-- 保存最佳模型
Epoch [024/500] | Train Loss: 0.045453 | Val Loss: 0.048163 <-- 保存最佳模型
Epoch [025/500] | Train Loss: 0.044521 | Val Loss: 0.050463
Epoch [026/500] | Train Loss: 0.044801 | Val Loss: 0.046159 <-- 保存最佳模型
Epoch [027/500] | Train Loss: 0.042745 | Val Loss: 0.045561 <-- 保存最佳模型
Epoch [028/500] | Train Loss: 0.042158 | Val Loss: 0.044628 <-- 保存最佳模型
Epoch [029/500] | Train Loss: 0.040795 | Val Loss: 0.046530
Epoch [030/500] | Train Loss: 0.041103 | Val Loss: 0.042995 <-- 保存最佳模型
Epoch [031/500] | Train Loss: 0.039822 | Val Loss: 0.042282 <-- 保存最佳模型
Epoch [032/500] | Train Loss: 0.038874 | Val Loss: 0.042495
Epoch [033/500] | Train Loss: 0.038725 | Val Loss: 0.041156 <-- 保存最佳模型
Epoch [034/500] | Train Loss: 0.039148 | Val Loss: 0.040828 <-- 保存最佳模型
Epoch [035/500] | Train Loss: 0.039133 | Val Loss: 0.041055
Epoch [036/500] | Train Loss: 0.037693 | Val Loss: 0.039801 <-- 保存最佳模型
Epoch [037/500] | Train Loss: 0.037821 | Val Loss: 0.042988
Epoch [038/500] | Train Loss: 0.037813 | Val Loss: 0.039104 <-- 保存最佳模型
Epoch [039/500] | Train Loss: 0.037042 | Val Loss: 0.039301
Epoch [040/500] | Train Loss: 0.035991 | Val Loss: 0.038580 <-- 保存最佳模型
Epoch [041/500] | Train Loss: 0.035474 | Val Loss: 0.038460 <-- 保存最佳模型
Epoch [042/500] | Train Loss: 0.035282 | Val Loss: 0.037729 <-- 保存最佳模型
Epoch [043/500] | Train Loss: 0.034801 | Val Loss: 0.039215
Epoch [044/500] | Train Loss: 0.035047 | Val Loss: 0.037133 <-- 保存最佳模型
Epoch [045/500] | Train Loss: 0.034195 | Val Loss: 0.037842
Epoch [046/500] | Train Loss: 0.033876 | Val Loss: 0.036485 <-- 保存最佳模型
Epoch [047/500] | Train Loss: 0.033707 | Val Loss: 0.036398 <-- 保存最佳模型
Epoch [048/500] | Train Loss: 0.033346 | Val Loss: 0.036512
Epoch [049/500] | Train Loss: 0.033949 | Val Loss: 0.036490
Epoch [050/500] | Train Loss: 0.034016 | Val Loss: 0.035361 <-- 保存最佳模型
Epoch [051/500] | Train Loss: 0.033378 | Val Loss: 0.035376
Epoch [052/500] | Train Loss: 0.032722 | Val Loss: 0.037349
Epoch [053/500] | Train Loss: 0.033611 | Val Loss: 0.036579
Epoch [054/500] | Train Loss: 0.033558 | Val Loss: 0.039611
Epoch [055/500] | Train Loss: 0.033058 | Val Loss: 0.035109 <-- 保存最佳模型
Epoch [056/500] | Train Loss: 0.031703 | Val Loss: 0.035030 <-- 保存最佳模型
Epoch [057/500] | Train Loss: 0.031422 | Val Loss: 0.033953 <-- 保存最佳模型
Epoch [058/500] | Train Loss: 0.031208 | Val Loss: 0.034760
Epoch [059/500] | Train Loss: 0.031106 | Val Loss: 0.034240
Epoch [060/500] | Train Loss: 0.031158 | Val Loss: 0.033460 <-- 保存最佳模型
Epoch [061/500] | Train Loss: 0.030795 | Val Loss: 0.033194 <-- 保存最佳模型
Epoch [062/500] | Train Loss: 0.031290 | Val Loss: 0.033451
Epoch [063/500] | Train Loss: 0.030916 | Val Loss: 0.033114 <-- 保存最佳模型
Epoch [064/500] | Train Loss: 0.029895 | Val Loss: 0.033476
Epoch [065/500] | Train Loss: 0.030148 | Val Loss: 0.032929 <-- 保存最佳模型
Epoch [066/500] | Train Loss: 0.029693 | Val Loss: 0.033353
Epoch [067/500] | Train Loss: 0.029985 | Val Loss: 0.037276
Epoch [068/500] | Train Loss: 0.030729 | Val Loss: 0.032215 <-- 保存最佳模型
Epoch [069/500] | Train Loss: 0.029818 | Val Loss: 0.032283
Epoch [070/500] | Train Loss: 0.029014 | Val Loss: 0.032320
Epoch [071/500] | Train Loss: 0.028955 | Val Loss: 0.032745
Epoch [072/500] | Train Loss: 0.029350 | Val Loss: 0.031833 <-- 保存最佳模型
Epoch [073/500] | Train Loss: 0.029809 | Val Loss: 0.031723 <-- 保存最佳模型
Epoch [074/500] | Train Loss: 0.028841 | Val Loss: 0.032839
Epoch [075/500] | Train Loss: 0.029592 | Val Loss: 0.033809
Epoch [076/500] | Train Loss: 0.029628 | Val Loss: 0.033462
Epoch [077/500] | Train Loss: 0.029278 | Val Loss: 0.031468 <-- 保存最佳模型
Epoch [078/500] | Train Loss: 0.028004 | Val Loss: 0.031466 <-- 保存最佳模型
Epoch [079/500] | Train Loss: 0.028989 | Val Loss: 0.032185
Epoch [080/500] | Train Loss: 0.028393 | Val Loss: 0.032055
Epoch [081/500] | Train Loss: 0.028827 | Val Loss: 0.032287
Epoch [082/500] | Train Loss: 0.028962 | Val Loss: 0.030503 <-- 保存最佳模型
Epoch [083/500] | Train Loss: 0.028527 | Val Loss: 0.030930
Epoch [084/500] | Train Loss: 0.028342 | Val Loss: 0.032128
Epoch [085/500] | Train Loss: 0.028045 | Val Loss: 0.031978
Epoch [086/500] | Train Loss: 0.027888 | Val Loss: 0.033136
Epoch [087/500] | Train Loss: 0.028837 | Val Loss: 0.031152
Epoch [088/500] | Train Loss: 0.027415 | Val Loss: 0.030429 <-- 保存最佳模型
Epoch [089/500] | Train Loss: 0.027105 | Val Loss: 0.030378 <-- 保存最佳模型
Epoch [090/500] | Train Loss: 0.027731 | Val Loss: 0.030835
Epoch [091/500] | Train Loss: 0.027280 | Val Loss: 0.030591
Epoch [092/500] | Train Loss: 0.026989 | Val Loss: 0.031009
Epoch [093/500] | Train Loss: 0.027052 | Val Loss: 0.030703
Epoch [094/500] | Train Loss: 0.027083 | Val Loss: 0.031106
Epoch [095/500] | Train Loss: 0.027931 | Val Loss: 0.030150 <-- 保存最佳模型
Epoch [096/500] | Train Loss: 0.026651 | Val Loss: 0.030349
Epoch [097/500] | Train Loss: 0.026635 | Val Loss: 0.030150 <-- 保存最佳模型
Epoch [098/500] | Train Loss: 0.026472 | Val Loss: 0.031019
Epoch [099/500] | Train Loss: 0.026573 | Val Loss: 0.030011 <-- 保存最佳模型
Epoch [100/500] | Train Loss: 0.026704 | Val Loss: 0.029706 <-- 保存最佳模型
Epoch [101/500] | Train Loss: 0.026785 | Val Loss: 0.030822
Epoch [102/500] | Train Loss: 0.028703 | Val Loss: 0.031196
Epoch [103/500] | Train Loss: 0.027386 | Val Loss: 0.031711
Epoch [104/500] | Train Loss: 0.027858 | Val Loss: 0.030900
Epoch [105/500] | Train Loss: 0.026788 | Val Loss: 0.030804
Epoch [106/500] | Train Loss: 0.026851 | Val Loss: 0.031737
Epoch [107/500] | Train Loss: 0.027285 | Val Loss: 0.030994
Epoch [108/500] | Train Loss: 0.026971 | Val Loss: 0.030733
Epoch [109/500] | Train Loss: 0.027757 | Val Loss: 0.034468
Epoch [110/500] | Train Loss: 0.028713 | Val Loss: 0.034152
Epoch [111/500] | Train Loss: 0.027588 | Val Loss: 0.029805
Epoch [112/500] | Train Loss: 0.026091 | Val Loss: 0.029287 <-- 保存最佳模型
Epoch [113/500] | Train Loss: 0.026961 | Val Loss: 0.030590
Epoch [114/500] | Train Loss: 0.027263 | Val Loss: 0.029761
Epoch [115/500] | Train Loss: 0.027265 | Val Loss: 0.031685
Epoch [116/500] | Train Loss: 0.027064 | Val Loss: 0.031546
Epoch [117/500] | Train Loss: 0.027458 | Val Loss: 0.029145 <-- 保存最佳模型
Epoch [118/500] | Train Loss: 0.025805 | Val Loss: 0.030163
Epoch [119/500] | Train Loss: 0.026277 | Val Loss: 0.030022
Epoch [120/500] | Train Loss: 0.025686 | Val Loss: 0.029880
Epoch [121/500] | Train Loss: 0.025796 | Val Loss: 0.029524
Epoch [122/500] | Train Loss: 0.025313 | Val Loss: 0.028962 <-- 保存最佳模型
Epoch [123/500] | Train Loss: 0.025062 | Val Loss: 0.029053
Epoch [124/500] | Train Loss: 0.025122 | Val Loss: 0.029293
Epoch [125/500] | Train Loss: 0.025429 | Val Loss: 0.030383
Epoch [126/500] | Train Loss: 0.025958 | Val Loss: 0.028792 <-- 保存最佳模型
Epoch [127/500] | Train Loss: 0.026355 | Val Loss: 0.032243
Epoch [128/500] | Train Loss: 0.026310 | Val Loss: 0.028762 <-- 保存最佳模型
Epoch [129/500] | Train Loss: 0.025301 | Val Loss: 0.028615 <-- 保存最佳模型
Epoch [130/500] | Train Loss: 0.025048 | Val Loss: 0.028594 <-- 保存最佳模型
Epoch [131/500] | Train Loss: 0.025105 | Val Loss: 0.029298
Epoch [132/500] | Train Loss: 0.024953 | Val Loss: 0.029813
Epoch [133/500] | Train Loss: 0.026345 | Val Loss: 0.033456
Epoch [134/500] | Train Loss: 0.027850 | Val Loss: 0.030106
Epoch [135/500] | Train Loss: 0.025590 | Val Loss: 0.029224
Epoch [136/500] | Train Loss: 0.025247 | Val Loss: 0.029164
Epoch [137/500] | Train Loss: 0.025066 | Val Loss: 0.028332 <-- 保存最佳模型
Epoch [138/500] | Train Loss: 0.024558 | Val Loss: 0.029171
Epoch [139/500] | Train Loss: 0.026293 | Val Loss: 0.028478
Epoch [140/500] | Train Loss: 0.028600 | Val Loss: 0.030192
Epoch [141/500] | Train Loss: 0.027195 | Val Loss: 0.030784
Epoch [142/500] | Train Loss: 0.025990 | Val Loss: 0.028598
Epoch [143/500] | Train Loss: 0.025016 | Val Loss: 0.028707
Epoch [144/500] | Train Loss: 0.024618 | Val Loss: 0.028144 <-- 保存最佳模型
Epoch [145/500] | Train Loss: 0.024721 | Val Loss: 0.028383
Epoch [146/500] | Train Loss: 0.024740 | Val Loss: 0.029741
Epoch [147/500] | Train Loss: 0.024966 | Val Loss: 0.029573
Epoch [148/500] | Train Loss: 0.025724 | Val Loss: 0.028258
Epoch [149/500] | Train Loss: 0.024970 | Val Loss: 0.030032
Epoch [150/500] | Train Loss: 0.025913 | Val Loss: 0.028676
Epoch [151/500] | Train Loss: 0.025684 | Val Loss: 0.028587
Epoch [152/500] | Train Loss: 0.025309 | Val Loss: 0.030279
Epoch [153/500] | Train Loss: 0.024787 | Val Loss: 0.028998
Epoch [154/500] | Train Loss: 0.024615 | Val Loss: 0.028730
Epoch [155/500] | Train Loss: 0.025400 | Val Loss: 0.028311
Epoch [156/500] | Train Loss: 0.024657 | Val Loss: 0.028386
Epoch [157/500] | Train Loss: 0.024685 | Val Loss: 0.028131 <-- 保存最佳模型
Epoch [158/500] | Train Loss: 0.024663 | Val Loss: 0.028580
Epoch [159/500] | Train Loss: 0.024021 | Val Loss: 0.028676
Epoch [160/500] | Train Loss: 0.024510 | Val Loss: 0.028298
Epoch [161/500] | Train Loss: 0.024248 | Val Loss: 0.027823 <-- 保存最佳模型
Epoch [162/500] | Train Loss: 0.023969 | Val Loss: 0.028226
Epoch [163/500] | Train Loss: 0.024180 | Val Loss: 0.028340
Epoch [164/500] | Train Loss: 0.024282 | Val Loss: 0.028405
Epoch [165/500] | Train Loss: 0.023867 | Val Loss: 0.028078
Epoch [166/500] | Train Loss: 0.023967 | Val Loss: 0.027912
Epoch [167/500] | Train Loss: 0.023770 | Val Loss: 0.027520 <-- 保存最佳模型
Epoch [168/500] | Train Loss: 0.023708 | Val Loss: 0.028124
Epoch [169/500] | Train Loss: 0.024193 | Val Loss: 0.028579
Epoch [170/500] | Train Loss: 0.024018 | Val Loss: 0.028048
Epoch [171/500] | Train Loss: 0.023386 | Val Loss: 0.029123
Epoch [172/500] | Train Loss: 0.024092 | Val Loss: 0.028415
Epoch [173/500] | Train Loss: 0.023762 | Val Loss: 0.028257
Epoch [174/500] | Train Loss: 0.023866 | Val Loss: 0.029408
Epoch [175/500] | Train Loss: 0.024361 | Val Loss: 0.027623
Epoch [176/500] | Train Loss: 0.024198 | Val Loss: 0.032686
Epoch [177/500] | Train Loss: 0.026914 | Val Loss: 0.027605
Epoch [178/500] | Train Loss: 0.023961 | Val Loss: 0.028015
Epoch [179/500] | Train Loss: 0.024305 | Val Loss: 0.029414
Epoch [180/500] | Train Loss: 0.025499 | Val Loss: 0.027650
Epoch [181/500] | Train Loss: 0.024326 | Val Loss: 0.028529
Epoch [182/500] | Train Loss: 0.024000 | Val Loss: 0.028008
Epoch [183/500] | Train Loss: 0.023060 | Val Loss: 0.027411 <-- 保存最佳模型
Epoch [184/500] | Train Loss: 0.024186 | Val Loss: 0.028560
Epoch [185/500] | Train Loss: 0.023680 | Val Loss: 0.033852
Epoch [186/500] | Train Loss: 0.024513 | Val Loss: 0.029466
Epoch [187/500] | Train Loss: 0.023862 | Val Loss: 0.028382
Epoch [188/500] | Train Loss: 0.023168 | Val Loss: 0.027162 <-- 保存最佳模型
Epoch [189/500] | Train Loss: 0.024131 | Val Loss: 0.029538
Epoch [190/500] | Train Loss: 0.023390 | Val Loss: 0.027648
Epoch [191/500] | Train Loss: 0.023851 | Val Loss: 0.027560
Epoch [192/500] | Train Loss: 0.023159 | Val Loss: 0.027313
Epoch [193/500] | Train Loss: 0.022652 | Val Loss: 0.027053 <-- 保存最佳模型
Epoch [194/500] | Train Loss: 0.023031 | Val Loss: 0.027414
Epoch [195/500] | Train Loss: 0.022632 | Val Loss: 0.027239
Epoch [196/500] | Train Loss: 0.022732 | Val Loss: 0.027417
Epoch [197/500] | Train Loss: 0.022974 | Val Loss: 0.029473
Epoch [198/500] | Train Loss: 0.023063 | Val Loss: 0.030119
Epoch [199/500] | Train Loss: 0.023783 | Val Loss: 0.027327
Epoch [200/500] | Train Loss: 0.022810 | Val Loss: 0.027013 <-- 保存最佳模型
Epoch [201/500] | Train Loss: 0.022526 | Val Loss: 0.026918 <-- 保存最佳模型
Epoch [202/500] | Train Loss: 0.022593 | Val Loss: 0.027177
Epoch [203/500] | Train Loss: 0.022335 | Val Loss: 0.027350
Epoch [204/500] | Train Loss: 0.022591 | Val Loss: 0.029096
Epoch [205/500] | Train Loss: 0.024556 | Val Loss: 0.028923
Epoch [206/500] | Train Loss: 0.024957 | Val Loss: 0.027731
Epoch [207/500] | Train Loss: 0.023825 | Val Loss: 0.027397
Epoch [208/500] | Train Loss: 0.025272 | Val Loss: 0.032856
Epoch [209/500] | Train Loss: 0.025120 | Val Loss: 0.026643 <-- 保存最佳模型
Epoch [210/500] | Train Loss: 0.022550 | Val Loss: 0.029858
Epoch [211/500] | Train Loss: 0.024267 | Val Loss: 0.026712
Epoch [212/500] | Train Loss: 0.024875 | Val Loss: 0.028636
Epoch [213/500] | Train Loss: 0.025223 | Val Loss: 0.030065
Epoch [214/500] | Train Loss: 0.023116 | Val Loss: 0.027814
Epoch [215/500] | Train Loss: 0.024317 | Val Loss: 0.027105
Epoch [216/500] | Train Loss: 0.024165 | Val Loss: 0.027608
Epoch [217/500] | Train Loss: 0.023435 | Val Loss: 0.028082
Epoch [218/500] | Train Loss: 0.022850 | Val Loss: 0.026947
Epoch [219/500] | Train Loss: 0.023145 | Val Loss: 0.027037
Epoch [220/500] | Train Loss: 0.022102 | Val Loss: 0.027558
Epoch [221/500] | Train Loss: 0.022431 | Val Loss: 0.027487
Epoch [222/500] | Train Loss: 0.022415 | Val Loss: 0.027380
Epoch [223/500] | Train Loss: 0.022368 | Val Loss: 0.026616 <-- 保存最佳模型
Epoch [224/500] | Train Loss: 0.022191 | Val Loss: 0.026921
Epoch [225/500] | Train Loss: 0.023140 | Val Loss: 0.027585
Epoch [226/500] | Train Loss: 0.023035 | Val Loss: 0.029791
Epoch [227/500] | Train Loss: 0.022693 | Val Loss: 0.028349
Epoch [228/500] | Train Loss: 0.023389 | Val Loss: 0.031038
Epoch [229/500] | Train Loss: 0.023181 | Val Loss: 0.026881
Epoch [230/500] | Train Loss: 0.022842 | Val Loss: 0.029177
Epoch [231/500] | Train Loss: 0.022667 | Val Loss: 0.028202
Epoch [232/500] | Train Loss: 0.021750 | Val Loss: 0.026591 <-- 保存最佳模型
Epoch [233/500] | Train Loss: 0.021886 | Val Loss: 0.027612
Epoch [234/500] | Train Loss: 0.021993 | Val Loss: 0.028497
Epoch [235/500] | Train Loss: 0.022387 | Val Loss: 0.029119
Epoch [236/500] | Train Loss: 0.023021 | Val Loss: 0.027514
Epoch [237/500] | Train Loss: 0.022442 | Val Loss: 0.027076
Epoch [238/500] | Train Loss: 0.022149 | Val Loss: 0.027571
Epoch [239/500] | Train Loss: 0.021881 | Val Loss: 0.027005
Epoch [240/500] | Train Loss: 0.022226 | Val Loss: 0.027627
Epoch [241/500] | Train Loss: 0.022258 | Val Loss: 0.027560
Epoch [242/500] | Train Loss: 0.022748 | Val Loss: 0.032854
Epoch [243/500] | Train Loss: 0.023463 | Val Loss: 0.029389
Epoch [244/500] | Train Loss: 0.024573 | Val Loss: 0.026833
Epoch [245/500] | Train Loss: 0.022361 | Val Loss: 0.026434 <-- 保存最佳模型
Epoch [246/500] | Train Loss: 0.022286 | Val Loss: 0.029617
Epoch [247/500] | Train Loss: 0.023827 | Val Loss: 0.026872
Epoch [248/500] | Train Loss: 0.023879 | Val Loss: 0.028408
Epoch [249/500] | Train Loss: 0.021817 | Val Loss: 0.026817
Epoch [250/500] | Train Loss: 0.022026 | Val Loss: 0.028300
Epoch [251/500] | Train Loss: 0.021747 | Val Loss: 0.026482
Epoch [252/500] | Train Loss: 0.022145 | Val Loss: 0.026642
Epoch [253/500] | Train Loss: 0.021650 | Val Loss: 0.026681
Epoch [254/500] | Train Loss: 0.021231 | Val Loss: 0.027201
Epoch [255/500] | Train Loss: 0.021161 | Val Loss: 0.027412
Epoch [256/500] | Train Loss: 0.022131 | Val Loss: 0.029007
Epoch [257/500] | Train Loss: 0.022318 | Val Loss: 0.027722
Epoch [258/500] | Train Loss: 0.021847 | Val Loss: 0.027247
Epoch [259/500] | Train Loss: 0.023029 | Val Loss: 0.028907
Epoch [260/500] | Train Loss: 0.021669 | Val Loss: 0.026327 <-- 保存最佳模型
Epoch [261/500] | Train Loss: 0.021447 | Val Loss: 0.026705
Epoch [262/500] | Train Loss: 0.022033 | Val Loss: 0.027643
Epoch [263/500] | Train Loss: 0.022203 | Val Loss: 0.026751
Epoch [264/500] | Train Loss: 0.021309 | Val Loss: 0.026529
Epoch [265/500] | Train Loss: 0.021262 | Val Loss: 0.027141
Epoch [266/500] | Train Loss: 0.022664 | Val Loss: 0.027062
Epoch [267/500] | Train Loss: 0.022403 | Val Loss: 0.027357
Epoch [268/500] | Train Loss: 0.024160 | Val Loss: 0.033010
Epoch [269/500] | Train Loss: 0.026269 | Val Loss: 0.031423
Epoch [270/500] | Train Loss: 0.026044 | Val Loss: 0.027592
Epoch [271/500] | Train Loss: 0.022338 | Val Loss: 0.026401
Epoch [272/500] | Train Loss: 0.021874 | Val Loss: 0.027657
Epoch [273/500] | Train Loss: 0.022331 | Val Loss: 0.028248
Epoch [274/500] | Train Loss: 0.021416 | Val Loss: 0.026878
Epoch [275/500] | Train Loss: 0.021072 | Val Loss: 0.026822
Epoch [276/500] | Train Loss: 0.020873 | Val Loss: 0.026540
Epoch [277/500] | Train Loss: 0.021173 | Val Loss: 0.026752
Epoch [278/500] | Train Loss: 0.021155 | Val Loss: 0.027149
Epoch [279/500] | Train Loss: 0.021246 | Val Loss: 0.028152
Epoch [280/500] | Train Loss: 0.021862 | Val Loss: 0.026938
Epoch [281/500] | Train Loss: 0.020963 | Val Loss: 0.026837
Epoch [282/500] | Train Loss: 0.021923 | Val Loss: 0.026505
Epoch [283/500] | Train Loss: 0.021000 | Val Loss: 0.029789
Epoch [284/500] | Train Loss: 0.021830 | Val Loss: 0.027139
Epoch [285/500] | Train Loss: 0.022550 | Val Loss: 0.027067
Epoch [286/500] | Train Loss: 0.023687 | Val Loss: 0.027344
Epoch [287/500] | Train Loss: 0.021428 | Val Loss: 0.026739
Epoch [288/500] | Train Loss: 0.020833 | Val Loss: 0.026329
Epoch [289/500] | Train Loss: 0.020870 | Val Loss: 0.027421
Epoch [290/500] | Train Loss: 0.021144 | Val Loss: 0.026929
Epoch [291/500] | Train Loss: 0.021327 | Val Loss: 0.026466
Epoch [292/500] | Train Loss: 0.021279 | Val Loss: 0.026412
Epoch [293/500] | Train Loss: 0.020983 | Val Loss: 0.026992
Epoch [294/500] | Train Loss: 0.020596 | Val Loss: 0.027103
Epoch [295/500] | Train Loss: 0.020563 | Val Loss: 0.027524
Epoch [296/500] | Train Loss: 0.020578 | Val Loss: 0.027058
Epoch [297/500] | Train Loss: 0.021414 | Val Loss: 0.028789
Epoch [298/500] | Train Loss: 0.021022 | Val Loss: 0.027193
Epoch [299/500] | Train Loss: 0.020968 | Val Loss: 0.027229
Epoch [300/500] | Train Loss: 0.022292 | Val Loss: 0.026492
Epoch [301/500] | Train Loss: 0.021544 | Val Loss: 0.026512
Epoch [302/500] | Train Loss: 0.021160 | Val Loss: 0.026311 <-- 保存最佳模型
Epoch [303/500] | Train Loss: 0.021443 | Val Loss: 0.026287 <-- 保存最佳模型
Epoch [304/500] | Train Loss: 0.022838 | Val Loss: 0.030831
Epoch [305/500] | Train Loss: 0.022625 | Val Loss: 0.029697
Epoch [306/500] | Train Loss: 0.021369 | Val Loss: 0.028391
Epoch [307/500] | Train Loss: 0.021445 | Val Loss: 0.027305
Epoch [308/500] | Train Loss: 0.021311 | Val Loss: 0.027201
Epoch [309/500] | Train Loss: 0.021570 | Val Loss: 0.026611
Epoch [310/500] | Train Loss: 0.021952 | Val Loss: 0.027004
Epoch [311/500] | Train Loss: 0.022359 | Val Loss: 0.028924
Epoch [312/500] | Train Loss: 0.021476 | Val Loss: 0.029222
Epoch [313/500] | Train Loss: 0.021697 | Val Loss: 0.026655
Epoch [314/500] | Train Loss: 0.021994 | Val Loss: 0.026956
Epoch [315/500] | Train Loss: 0.020923 | Val Loss: 0.026168 <-- 保存最佳模型
Epoch [316/500] | Train Loss: 0.020650 | Val Loss: 0.026914
Epoch [317/500] | Train Loss: 0.020519 | Val Loss: 0.025954 <-- 保存最佳模型
Epoch [318/500] | Train Loss: 0.020307 | Val Loss: 0.028808
Epoch [319/500] | Train Loss: 0.021496 | Val Loss: 0.027401
Epoch [320/500] | Train Loss: 0.021809 | Val Loss: 0.026958
Epoch [321/500] | Train Loss: 0.021774 | Val Loss: 0.026465
Epoch [322/500] | Train Loss: 0.020557 | Val Loss: 0.029243
Epoch [323/500] | Train Loss: 0.021175 | Val Loss: 0.029490
Epoch [324/500] | Train Loss: 0.020761 | Val Loss: 0.028874
Epoch [325/500] | Train Loss: 0.021675 | Val Loss: 0.026447
Epoch [326/500] | Train Loss: 0.021674 | Val Loss: 0.030931
Epoch [327/500] | Train Loss: 0.024186 | Val Loss: 0.027148
Epoch [328/500] | Train Loss: 0.021137 | Val Loss: 0.026483
Epoch [329/500] | Train Loss: 0.020603 | Val Loss: 0.027041
Epoch [330/500] | Train Loss: 0.021398 | Val Loss: 0.026828
Epoch [331/500] | Train Loss: 0.020868 | Val Loss: 0.026332
Epoch [332/500] | Train Loss: 0.020984 | Val Loss: 0.026252
Epoch [333/500] | Train Loss: 0.021740 | Val Loss: 0.026310
Epoch [334/500] | Train Loss: 0.022274 | Val Loss: 0.029917
Epoch [335/500] | Train Loss: 0.021305 | Val Loss: 0.026619
Epoch [336/500] | Train Loss: 0.020038 | Val Loss: 0.027753
Epoch [337/500] | Train Loss: 0.020738 | Val Loss: 0.027404
Epoch [338/500] | Train Loss: 0.021297 | Val Loss: 0.026504
Epoch [339/500] | Train Loss: 0.021459 | Val Loss: 0.026432
Epoch [340/500] | Train Loss: 0.021271 | Val Loss: 0.026180
Epoch [341/500] | Train Loss: 0.021163 | Val Loss: 0.027541
Epoch [342/500] | Train Loss: 0.022539 | Val Loss: 0.033439
Epoch [343/500] | Train Loss: 0.025629 | Val Loss: 0.030639
Epoch [344/500] | Train Loss: 0.024710 | Val Loss: 0.028711
Epoch [345/500] | Train Loss: 0.021713 | Val Loss: 0.026478
Epoch [346/500] | Train Loss: 0.020237 | Val Loss: 0.026116
Epoch [347/500] | Train Loss: 0.020525 | Val Loss: 0.028000
Epoch [348/500] | Train Loss: 0.020188 | Val Loss: 0.028357
Epoch [349/500] | Train Loss: 0.020678 | Val Loss: 0.028264
Epoch [350/500] | Train Loss: 0.020580 | Val Loss: 0.026857
Epoch [351/500] | Train Loss: 0.020658 | Val Loss: 0.027948
Epoch [352/500] | Train Loss: 0.020105 | Val Loss: 0.028457
Epoch [353/500] | Train Loss: 0.020491 | Val Loss: 0.026597
Epoch [354/500] | Train Loss: 0.020373 | Val Loss: 0.026145
Epoch [355/500] | Train Loss: 0.020127 | Val Loss: 0.027637
Epoch [356/500] | Train Loss: 0.019806 | Val Loss: 0.026195
Epoch [357/500] | Train Loss: 0.020509 | Val Loss: 0.027407
Epoch [358/500] | Train Loss: 0.020188 | Val Loss: 0.026742
Epoch [359/500] | Train Loss: 0.020735 | Val Loss: 0.026467
Epoch [360/500] | Train Loss: 0.022324 | Val Loss: 0.026197
Epoch [361/500] | Train Loss: 0.020519 | Val Loss: 0.027424
Epoch [362/500] | Train Loss: 0.020661 | Val Loss: 0.026572
Epoch [363/500] | Train Loss: 0.022654 | Val Loss: 0.030094
Epoch [364/500] | Train Loss: 0.023642 | Val Loss: 0.026711
Epoch [365/500] | Train Loss: 0.020408 | Val Loss: 0.026386
Epoch [366/500] | Train Loss: 0.020957 | Val Loss: 0.026290
Epoch [367/500] | Train Loss: 0.021050 | Val Loss: 0.027673
Epoch [368/500] | Train Loss: 0.021517 | Val Loss: 0.026462
Epoch [369/500] | Train Loss: 0.022189 | Val Loss: 0.027576
Epoch [370/500] | Train Loss: 0.022316 | Val Loss: 0.027390
Epoch [371/500] | Train Loss: 0.019907 | Val Loss: 0.026033
Epoch [372/500] | Train Loss: 0.020147 | Val Loss: 0.028049
Epoch [373/500] | Train Loss: 0.022243 | Val Loss: 0.027449
Epoch [374/500] | Train Loss: 0.020284 | Val Loss: 0.028685
Epoch [375/500] | Train Loss: 0.020380 | Val Loss: 0.027710
Epoch [376/500] | Train Loss: 0.020899 | Val Loss: 0.025763 <-- 保存最佳模型
Epoch [377/500] | Train Loss: 0.019734 | Val Loss: 0.027357
Epoch [378/500] | Train Loss: 0.019759 | Val Loss: 0.026513
Epoch [379/500] | Train Loss: 0.021415 | Val Loss: 0.027177
Epoch [380/500] | Train Loss: 0.021647 | Val Loss: 0.028235
Epoch [381/500] | Train Loss: 0.023071 | Val Loss: 0.027145
Epoch [382/500] | Train Loss: 0.021058 | Val Loss: 0.027528
Epoch [383/500] | Train Loss: 0.020799 | Val Loss: 0.028344
Epoch [384/500] | Train Loss: 0.021133 | Val Loss: 0.027256
Epoch [385/500] | Train Loss: 0.020874 | Val Loss: 0.026205
Epoch [386/500] | Train Loss: 0.020988 | Val Loss: 0.030991
Epoch [387/500] | Train Loss: 0.022459 | Val Loss: 0.026643
Epoch [388/500] | Train Loss: 0.020532 | Val Loss: 0.026848
Epoch [389/500] | Train Loss: 0.019835 | Val Loss: 0.029213
Epoch [390/500] | Train Loss: 0.020683 | Val Loss: 0.027556
Epoch [391/500] | Train Loss: 0.020617 | Val Loss: 0.027322
Epoch [392/500] | Train Loss: 0.020229 | Val Loss: 0.026060
Epoch [393/500] | Train Loss: 0.020355 | Val Loss: 0.026102
Epoch [394/500] | Train Loss: 0.020248 | Val Loss: 0.026495
Epoch [395/500] | Train Loss: 0.019739 | Val Loss: 0.029627
Epoch [396/500] | Train Loss: 0.020545 | Val Loss: 0.028195
Epoch [397/500] | Train Loss: 0.020243 | Val Loss: 0.027383
Epoch [398/500] | Train Loss: 0.020213 | Val Loss: 0.026614
Epoch [399/500] | Train Loss: 0.019359 | Val Loss: 0.028478
Epoch [400/500] | Train Loss: 0.019484 | Val Loss: 0.025886
Epoch [401/500] | Train Loss: 0.020787 | Val Loss: 0.027282
Epoch [402/500] | Train Loss: 0.022257 | Val Loss: 0.027829
Epoch [403/500] | Train Loss: 0.020858 | Val Loss: 0.026950
Epoch [404/500] | Train Loss: 0.019989 | Val Loss: 0.028181
Epoch [405/500] | Train Loss: 0.019719 | Val Loss: 0.026898
Epoch [406/500] | Train Loss: 0.019970 | Val Loss: 0.026720
Epoch [407/500] | Train Loss: 0.021680 | Val Loss: 0.029232
Epoch [408/500] | Train Loss: 0.022848 | Val Loss: 0.028223
Epoch [409/500] | Train Loss: 0.021033 | Val Loss: 0.026164
Epoch [410/500] | Train Loss: 0.020033 | Val Loss: 0.026857
Epoch [411/500] | Train Loss: 0.020163 | Val Loss: 0.027208
Epoch [412/500] | Train Loss: 0.020266 | Val Loss: 0.028304
Epoch [413/500] | Train Loss: 0.019715 | Val Loss: 0.026374
Epoch [414/500] | Train Loss: 0.019643 | Val Loss: 0.026102
Epoch [415/500] | Train Loss: 0.019833 | Val Loss: 0.025987
Epoch [416/500] | Train Loss: 0.022600 | Val Loss: 0.027946
Epoch [417/500] | Train Loss: 0.020574 | Val Loss: 0.027188
Epoch [418/500] | Train Loss: 0.019297 | Val Loss: 0.027581
Epoch [419/500] | Train Loss: 0.020657 | Val Loss: 0.027106
Epoch [420/500] | Train Loss: 0.020919 | Val Loss: 0.031062
Epoch [421/500] | Train Loss: 0.021656 | Val Loss: 0.026477
Epoch [422/500] | Train Loss: 0.019419 | Val Loss: 0.026887
Epoch [423/500] | Train Loss: 0.019505 | Val Loss: 0.027128
Epoch [424/500] | Train Loss: 0.019243 | Val Loss: 0.027624
Epoch [425/500] | Train Loss: 0.019709 | Val Loss: 0.029307
Epoch [426/500] | Train Loss: 0.020121 | Val Loss: 0.026297
Epoch [427/500] | Train Loss: 0.019663 | Val Loss: 0.026666
Epoch [428/500] | Train Loss: 0.019192 | Val Loss: 0.027902
Epoch [429/500] | Train Loss: 0.020409 | Val Loss: 0.027359
Epoch [430/500] | Train Loss: 0.020634 | Val Loss: 0.026568
Epoch [431/500] | Train Loss: 0.020143 | Val Loss: 0.026879
Epoch [432/500] | Train Loss: 0.019245 | Val Loss: 0.026784
Epoch [433/500] | Train Loss: 0.020146 | Val Loss: 0.027265
Epoch [434/500] | Train Loss: 0.021328 | Val Loss: 0.027581
Epoch [435/500] | Train Loss: 0.020831 | Val Loss: 0.026882
Epoch [436/500] | Train Loss: 0.020112 | Val Loss: 0.027414
Epoch [437/500] | Train Loss: 0.019963 | Val Loss: 0.027446
Epoch [438/500] | Train Loss: 0.020000 | Val Loss: 0.026865
Epoch [439/500] | Train Loss: 0.019383 | Val Loss: 0.027300
Epoch [440/500] | Train Loss: 0.019774 | Val Loss: 0.029190
Epoch [441/500] | Train Loss: 0.020839 | Val Loss: 0.027680
Epoch [442/500] | Train Loss: 0.020328 | Val Loss: 0.027798
Epoch [443/500] | Train Loss: 0.022608 | Val Loss: 0.027338
Epoch [444/500] | Train Loss: 0.022106 | Val Loss: 0.027346
Epoch [445/500] | Train Loss: 0.020518 | Val Loss: 0.026301
Epoch [446/500] | Train Loss: 0.019082 | Val Loss: 0.026639
Epoch [447/500] | Train Loss: 0.019484 | Val Loss: 0.026790
Epoch [448/500] | Train Loss: 0.019105 | Val Loss: 0.027858
Epoch [449/500] | Train Loss: 0.019327 | Val Loss: 0.027263
Epoch [450/500] | Train Loss: 0.019580 | Val Loss: 0.025975
Epoch [451/500] | Train Loss: 0.020223 | Val Loss: 0.028430
Epoch [452/500] | Train Loss: 0.021957 | Val Loss: 0.030329
Epoch [453/500] | Train Loss: 0.021605 | Val Loss: 0.027869
Epoch [454/500] | Train Loss: 0.020553 | Val Loss: 0.027808
Epoch [455/500] | Train Loss: 0.019410 | Val Loss: 0.029506
Epoch [456/500] | Train Loss: 0.020914 | Val Loss: 0.027950
Epoch [457/500] | Train Loss: 0.021277 | Val Loss: 0.027503
Epoch [458/500] | Train Loss: 0.019889 | Val Loss: 0.025958
Epoch [459/500] | Train Loss: 0.020164 | Val Loss: 0.025887
Epoch [460/500] | Train Loss: 0.020184 | Val Loss: 0.026373
Epoch [461/500] | Train Loss: 0.020527 | Val Loss: 0.027439
Epoch [462/500] | Train Loss: 0.019399 | Val Loss: 0.027558
Epoch [463/500] | Train Loss: 0.019318 | Val Loss: 0.026136
Epoch [464/500] | Train Loss: 0.019107 | Val Loss: 0.026419
Epoch [465/500] | Train Loss: 0.019254 | Val Loss: 0.026433
Epoch [466/500] | Train Loss: 0.019494 | Val Loss: 0.028028
Epoch [467/500] | Train Loss: 0.020477 | Val Loss: 0.029051
Epoch [468/500] | Train Loss: 0.022273 | Val Loss: 0.027442
Epoch [469/500] | Train Loss: 0.022479 | Val Loss: 0.029304
Epoch [470/500] | Train Loss: 0.019846 | Val Loss: 0.026256
Epoch [471/500] | Train Loss: 0.019230 | Val Loss: 0.026930
Epoch [472/500] | Train Loss: 0.019985 | Val Loss: 0.027186
Epoch [473/500] | Train Loss: 0.019491 | Val Loss: 0.027632
Epoch [474/500] | Train Loss: 0.018919 | Val Loss: 0.026930
Epoch [475/500] | Train Loss: 0.018727 | Val Loss: 0.026572
Epoch [476/500] | Train Loss: 0.019516 | Val Loss: 0.026917
Epoch [477/500] | Train Loss: 0.019559 | Val Loss: 0.029751
Epoch [478/500] | Train Loss: 0.020544 | Val Loss: 0.026249
Epoch [479/500] | Train Loss: 0.019293 | Val Loss: 0.027225
Epoch [480/500] | Train Loss: 0.019018 | Val Loss: 0.028045
Epoch [481/500] | Train Loss: 0.020102 | Val Loss: 0.027246
Epoch [482/500] | Train Loss: 0.019774 | Val Loss: 0.027120
Epoch [483/500] | Train Loss: 0.018658 | Val Loss: 0.027014
Epoch [484/500] | Train Loss: 0.019160 | Val Loss: 0.027508
Epoch [485/500] | Train Loss: 0.019398 | Val Loss: 0.028720
Epoch [486/500] | Train Loss: 0.019638 | Val Loss: 0.026459
Epoch [487/500] | Train Loss: 0.018730 | Val Loss: 0.026248
Epoch [488/500] | Train Loss: 0.019684 | Val Loss: 0.026051
Epoch [489/500] | Train Loss: 0.019437 | Val Loss: 0.026775
Epoch [490/500] | Train Loss: 0.018527 | Val Loss: 0.026937
Epoch [491/500] | Train Loss: 0.018792 | Val Loss: 0.026421
Epoch [492/500] | Train Loss: 0.018695 | Val Loss: 0.026217
Epoch [493/500] | Train Loss: 0.020508 | Val Loss: 0.026799
Epoch [494/500] | Train Loss: 0.020131 | Val Loss: 0.030143
Epoch [495/500] | Train Loss: 0.019732 | Val Loss: 0.026135
Epoch [496/500] | Train Loss: 0.018715 | Val Loss: 0.028427
Epoch [497/500] | Train Loss: 0.019399 | Val Loss: 0.027211
Epoch [498/500] | Train Loss: 0.019234 | Val Loss: 0.026977
Epoch [499/500] | Train Loss: 0.019155 | Val Loss: 0.027123
Epoch [500/500] | Train Loss: 0.019583 | Val Loss: 0.028922

训练完成
最佳 Epoch： 376
最佳验证损失： 0.025762778026136485
模型保存位置： best_bc_model.pth
损失曲线已保存： bc_loss_curve.png
